<?xml version="1.0" encoding="UTF-8"?>
<!-- Generated by org.testng.reporters.JUnitReportReporter -->
<testsuite hostname="DESKTOP-6OC5O3O" failures="0" tests="3" name="Com.Selenium.DataProviderTestNG" time="45.207" errors="0" timestamp="2025-09-04T18:47:30 IST" skipped="0">
  <testcase classname="Com.Selenium.DataProviderTestNG" name="lunchBrowser" time="42.922"/>
  <system-out/>
  <testcase classname="Com.Selenium.DataProviderTestNG" name="signInData" time="0.714"/>
  <system-out/>
  <testcase classname="Com.Selenium.DataProviderTestNG" name="signInData" time="1.571"/>
  <system-out/>
</testsuite> <!-- Com.Selenium.DataProviderTestNG -->
